
Attaching package: ‘dplyr’

The following objects are masked from ‘package:stats’:

    filter, lag

The following objects are masked from ‘package:base’:

    intersect, setdiff, setequal, union

[1] "SorenPape"
[1] "hashtags"
[1] "mentions_user_id"
[1] "mentions_screen_name"
Error in .local(conn, statement, ...) : 
  could not run statement: Loading local data is disabled; this must be enabled on both the client and server sides
Calls: dbWriteTable ... .local -> dbSendQuery -> dbSendQuery -> .local -> .Call
Execution halted

Attaching package: ‘dplyr’

The following objects are masked from ‘package:stats’:

    filter, lag

The following objects are masked from ‘package:base’:

    intersect, setdiff, setequal, union

[1] "SorenPape"
[1] "hashtags"
[1] "mentions_user_id"
[1] "mentions_screen_name"
[1] 885
[1] "metteabildgaard"
[1] "hashtags"
[1] "mentions_user_id"
[1] "mentions_screen_name"
[1] 869
[1] "RasmusJarlov"
[1] "hashtags"
[1] "mentions_user_id"
[1] "mentions_screen_name"
[1] 853
[1] "JuulMona"
[1] "hashtags"
[1] "mentions_user_id"
[1] "mentions_screen_name"
[1] 837
[1] "PerLarsenC"
[1] "hashtags"
[1] "mentions_user_id"
[1] "mentions_screen_name"
[1] 834
[1] "_MaiMercado"
[1] "hashtags"
[1] "mentions_user_id"
[1] "mentions_screen_name"
[1] 818
[1] "BirgitteBergman"
[1] "hashtags"
[1] "mentions_user_id"
[1] "mentions_screen_name"
[1] 813
[1] "brittbager"
[1] "hashtags"
[1] "mentions_user_id"
[1] "mentions_screen_name"
[1] 808
[1] "Ammitzboell_K"
[1] "hashtags"
[1] "mentions_user_id"
[1] "mentions_screen_name"
[1] 798
[1] "Kristianthdahl"
[1] "hashtags"
[1] "mentions_user_id"
[1] "mentions_screen_name"
[1] 793
[1] "MrMesserschmidt"
[1] "hashtags"
[1] "mentions_user_id"
[1] "mentions_screen_name"
[1] 777
[1] "mfMorten"
[1] "hashtags"
[1] "mentions_user_id"
[1] "mentions_screen_name"
[1] 761
[1] "espersendf"
[1] "hashtags"
[1] "mentions_user_id"
[1] "mentions_screen_name"
[1] 745
[1] "skaarup_df"
[1] "hashtags"
[1] "mentions_user_id"
[1] "mentions_screen_name"
[1] 729
[1] "Pia_Kjaersgaard"
[1] "hashtags"
[1] "mentions_user_id"
[1] "mentions_screen_name"
[1] 714
[1] "AdsbolAdsbl"
[1] "hashtags"
[1] "mentions_user_id"
[1] "mentions_screen_name"
[1] 698
[1] "LiseBech"
[1] "hashtags"
[1] "mentions_user_id"
[1] "mentions_screen_name"
[1] 682
[1] "BentGsted"
[1] "hashtags"
[1] "mentions_user_id"
[1] "mentions_screen_name"
[1] 680
[1] "ReneChr67108814"
[1] "hashtags"
[1] "mentions_user_id"
[1] "mentions_screen_name"
[1] 678
[1] "JThulesen"
[1] "hashtags"
[1] "mentions_user_id"
[1] "mentions_screen_name"
[1] 674
[1] "flydtkjaer"
[1] "hashtags"
[1] "mentions_user_id"
[1] "mentions_screen_name"
[1] 667
[1] "MarieKrarup"
[1] "hashtags"
[1] "mentions_user_id"
[1] "mentions_screen_name"
[1] 660
[1] "Hans_Kr_Skibby"
[1] "hashtags"
[1] "mentions_user_id"
[1] "mentions_screen_name"
[1] 644
[1] "MaiVilladsen"
[1] "hashtags"
[1] "mentions_user_id"
[1] "mentions_screen_name"
[1] 639
[1] "SorenEggeRasmus"
[1] "hashtags"
[1] "mentions_user_id"
[1] "mentions_screen_name"
[1] 630
[1] "VictoriaV_EL"
[1] "hashtags"
[1] "mentions_user_id"
[1] "mentions_screen_name"
[1] 624
[1] "EvaFlyvholm"
[1] "hashtags"
[1] "mentions_user_id"
[1] "mentions_screen_name"
[1] 620
[1] "pederhvelplund"
[1] "hashtags"
[1] "mentions_user_id"
[1] "mentions_screen_name"
[1] 614
[1] "ChristianJuhl2"
[1] "hashtags"
[1] "mentions_user_id"
[1] "mentions_screen_name"
[1] 598
[1] "RuneLundEL"
[1] "hashtags"
[1] "mentions_user_id"
[1] "mentions_screen_name"
[1] 582
[1] "PSkipperEL"
[1] "hashtags"
[1] "mentions_user_id"
[1] "mentions_screen_name"
[1] 566
[1] "JakobSoelvhoej"
[1] "hashtags"
[1] "mentions_user_id"
[1] "mentions_screen_name"
[1] 555
[1] "RosaLundEl"
[1] "hashtags"
[1] "mentions_user_id"
[1] "mentions_screen_name"
[1] 539
[1] "jonasholmdk"
[1] "hashtags"
[1] "mentions_user_id"
[1] "mentions_screen_name"
[1] 523
[1] "AlexVanopslagh"
[1] "hashtags"
[1] "mentions_user_id"
[1] "mentions_screen_name"
[1] 507
[1] "SociologenHD"
[1] "hashtags"
[1] "mentions_user_id"
[1] "mentions_screen_name"
[1] 496
[1] "olebirkolesen"
[1] "hashtags"
[1] "mentions_user_id"
[1] "mentions_screen_name"
[1] 480
[1] "LBMathiesen"
[1] "hashtags"
[1] "mentions_user_id"
[1] "mentions_screen_name"
[1] 474
[1] "ThiesenMette"
[1] "hashtags"
[1] "mentions_user_id"
[1] "mentions_screen_name"
[1] 469
[1] "PernilleVermund"
[1] "hashtags"
[1] "mentions_user_id"
[1] "mentions_screen_name"
[1] 456
[1] "peter_seier"
[1] "hashtags"
[1] "mentions_user_id"
[1] "mentions_screen_name"
[1] 454
[1] "FrkCallesen"
[1] "hashtags"
[1] "mentions_user_id"
[1] "mentions_screen_name"
[1] 449
[1] "mariannejelved"
[1] "hashtags"
[1] "mentions_user_id"
[1] "mentions_screen_name"
[1] 447
[1] "SamiraNawa"
[1] "hashtags"
[1] "mentions_user_id"
[1] "mentions_screen_name"
[1] 432
[1] "rohde_jens"
[1] "hashtags"
[1] "mentions_user_id"
[1] "mentions_screen_name"
[1] 423
[1] "kronborgsusan"
[1] "hashtags"
[1] "mentions_user_id"
[1] "mentions_screen_name"
[1] 413
[1] "martinlidegaard"
[1] "hashtags"
[1] "mentions_user_id"
[1] "mentions_screen_name"
[1] 397
[1] "KathrineOlldag"
[1] "hashtags"
[1] "mentions_user_id"
[1] "mentions_screen_name"
[1] 391
[1] "sofiecn"
[1] "hashtags"
[1] "mentions_user_id"
[1] "mentions_screen_name"
[1] 375
[1] "a_steenberg"
[1] "hashtags"
[1] "mentions_user_id"
[1] "mentions_screen_name"
[1] 359
[1] "rvthorholm"
[1] "hashtags"
[1] "mentions_user_id"
[1] "mentions_screen_name"
[1] 357
[1] "KatrineRobsoe"
[1] "hashtags"
[1] "mentions_user_id"
[1] "mentions_screen_name"
[1] 352
[1] "rasmushelveg"
[1] "hashtags"
[1] "mentions_user_id"
[1] "mentions_screen_name"
[1] 345
[1] "stinuslindgreen"
[1] "hashtags"
[1] "mentions_user_id"
[1] "mentions_screen_name"
[1] 329
[1] "zeniastampe"
[1] "hashtags"
[1] "mentions_user_id"
[1] "mentions_screen_name"
[1] 319
[1] "LotteRod"
[1] "hashtags"
[1] "mentions_user_id"
[1] "mentions_screen_name"
[1] 303
[1] "IdaAuken"
[1] "hashtags"
[1] "mentions_user_id"
[1] "mentions_screen_name"
[1] 287
[1] "Trinebramsen"
[1] "hashtags"
[1] "mentions_user_id"
[1] "mentions_screen_name"
[1] 271
[1] "BjBrandenborg"
[1] "hashtags"
[1] "mentions_user_id"
[1] "mentions_screen_name"
[1] 260
[1] "bressendorff"
[1] "hashtags"
[1] "mentions_user_id"
[1] "mentions_screen_name"
[1] 258
[1] "JeppeBruus"
[1] "hashtags"
[1] "mentions_user_id"
[1] "mentions_screen_name"
[1] 242
[1] "KaareDybvad"
[1] "hashtags"
[1] "mentions_user_id"
[1] "mentions_screen_name"
[1] 226
[1] "BennyEngelbrech"
[1] "hashtags"
[1] "mentions_user_id"
[1] "mentions_screen_name"
[1] 210
[1] "CamFabricius"
[1] "hashtags"
[1] "mentions_user_id"
[1] "mentions_screen_name"
[1] 194
[1] "MetteGjerskov"
[1] "hashtags"
[1] "mentions_user_id"
[1] "mentions_screen_name"
[1] 178
[1] "AlexanderGrandt"
[1] "hashtags"
[1] "mentions_user_id"
[1] "mentions_screen_name"
[1] 162
[1] "HavOrla"
[1] "hashtags"
[1] "mentions_user_id"
[1] "mentions_screen_name"
[1] 160
[1] "PHummelgaard"
[1] "hashtags"
[1] "mentions_user_id"
[1] "mentions_screen_name"
[1] 144
[1] "MFThomasJensen"
[1] "hashtags"
[1] "mentions_user_id"
[1] "mentions_screen_name"
[1] 136
[1] "LahnLeif"
[1] "hashtags"
[1] "mentions_user_id"
[1] "mentions_screen_name"
[1] 134
[1] "Jens_Joel"
[1] "hashtags"
[1] "mentions_user_id"
[1] "mentions_screen_name"
[1] 118
[1] "janjohansen16"
[1] "DanJoergensen"
[1] "hashtags"
[1] "mentions_user_id"
[1] "mentions_screen_name"
[1] 101
[1] "SandKjaer"
[1] "hashtags"
[1] "mentions_user_id"
[1] "mentions_screen_name"
[1] 86
[1] "Sleeping"
[1] "Not sleeping anymore"
[1] "AndersKronborg"
[1] "hashtags"
[1] "mentions_user_id"
[1] "mentions_screen_name"
[1] 884
[1] "rasmushorn"
[1] "hashtags"
[1] "mentions_user_id"
[1] "mentions_screen_name"
[1] 868
[1] "MalteLarsen"
[1] "hashtags"
[1] "mentions_user_id"
[1] "mentions_screen_name"
[1] 865
[1] "LarssonTanja"
[1] "hashtags"
[1] "mentions_user_id"
[1] "mentions_screen_name"
[1] 863
[1] "Heunicke"
[1] "hashtags"
[1] "mentions_user_id"
[1] "mentions_screen_name"
[1] 847
[1] "RosenkrantzT"
[1] "hashtags"
[1] "mentions_user_id"
[1] "mentions_screen_name"
[1] 831
[1] "simonkollerup"
[1] "hashtags"
[1] "mentions_user_id"
[1] "mentions_screen_name"
[1] 815
[1] "MogensJensenS"
[1] "hashtags"
[1] "mentions_user_id"
[1] "mentions_screen_name"
[1] 799
[1] "AneHalsboe"
[1] "hashtags"
[1] "mentions_user_id"
[1] "mentions_screen_name"
[1] 783
[1] "RabjergMadsen"
[1] "hashtags"
[1] "mentions_user_id"
[1] "mentions_screen_name"
[1] 769
[1] "mattiastesfaye"
[1] "hashtags"
[1] "mentions_user_id"
[1] "mentions_screen_name"
[1] 753
[1] "Astridkrag"
[1] "hashtags"
[1] "mentions_user_id"
[1] "mentions_screen_name"
[1] 737
[1] "Bjarne_Laustsen"
[1] "annette_lind"
[1] "hashtags"
[1] "mentions_user_id"
[1] "mentions_screen_name"
[1] 734
[1] "FlemmingMM"
[1] "hashtags"
[1] "mentions_user_id"
[1] "mentions_screen_name"
[1] 732
[1] "Henrikm86712011"
[1] "hashtags"
[1] "mentions_user_id"
[1] "mentions_screen_name"
[1] 730
[1] "Paulin_Anne"
[1] "hashtags"
[1] "mentions_user_id"
[1] "mentions_screen_name"
[1] 721
[1] "Jesper_Pet"
[1] "hashtags"
[1] "mentions_user_id"
[1] "mentions_screen_name"
[1] 705
[1] "RasmusPrehn"
[1] "hashtags"
[1] "mentions_user_id"
[1] "mentions_screen_name"
[1] 689
[1] "lars_aslan"
[1] "hashtags"
[1] "mentions_user_id"
[1] "mentions_screen_name"
[1] 678
[1] "RavnTroels"
[1] "hashtags"
[1] "mentions_user_id"
[1] "mentions_screen_name"
[1] 675
[1] "KasperRoug"
[1] "hashtags"
[1] "mentions_user_id"
[1] "mentions_screen_name"
[1] 672
[1] "JulieSkovsby"
[1] "hashtags"
[1] "mentions_user_id"
[1] "mentions_screen_name"
[1] 666
[1] "RStoklund"
[1] "hashtags"
[1] "mentions_user_id"
[1] "mentions_screen_name"
[1] 650
[1] "birgitte_vind"
[1] "hashtags"
[1] "mentions_user_id"
[1] "mentions_screen_name"
[1] 644
[1] "NWammen"
[1] "hashtags"
[1] "mentions_user_id"
[1] "mentions_screen_name"
[1] 639
[1] "LeaWermelin"
[1] "hashtags"
[1] "mentions_user_id"
[1] "mentions_screen_name"
[1] 629
[1] "PiaOlsen"
[1] "hashtags"
[1] "mentions_user_id"
[1] "mentions_screen_name"
[1] 613
[1] "khoenge"
[1] "hashtags"
[1] "mentions_user_id"
[1] "mentions_screen_name"
[1] 597
[1] "jacobmark_sf"
[1] "hashtags"
[1] "mentions_user_id"
[1] "mentions_screen_name"
[1] 581
[1] "LisbethBNielsen"
[1] "hashtags"
[1] "mentions_user_id"
[1] "mentions_screen_name"
[1] 565
[1] "TrineTorp"
[1] "hashtags"
[1] "mentions_user_id"
[1] "mentions_screen_name"
[1] 552
[1] "KirstenNormann"
[1] "hashtags"
[1] "mentions_user_id"
[1] "mentions_screen_name"
[1] 536
[1] "MF_K_Lorentzen"
[1] "hashtags"
[1] "mentions_user_id"
[1] "mentions_screen_name"
[1] 520
[1] "signe_munk"
[1] "hashtags"
[1] "mentions_user_id"
[1] "mentions_screen_name"
[1] 504
[1] "Carl__Valentin"
[1] "hashtags"
[1] "mentions_user_id"
[1] "mentions_screen_name"
[1] 488
[1] "charlottebroman"
[1] "hashtags"
[1] "mentions_user_id"
[1] "mentions_screen_name"
[1] 481
[1] "Halime9Oguz"
[1] "hashtags"
[1] "mentions_user_id"
[1] "mentions_screen_name"
[1] 478
[1] "AnneValentina"
[1] "hashtags"
[1] "mentions_user_id"
[1] "mentions_screen_name"
[1] 472
[1] "AstridCaroee"
[1] "hashtags"
[1] "mentions_user_id"
[1] "mentions_screen_name"
[1] 469
[1] "rasmusnordqvist"
[1] "hashtags"
[1] "mentions_user_id"
[1] "mentions_screen_name"
[1] 453
[1] "JakobEllemann"
[1] "hashtags"
[1] "mentions_user_id"
[1] "mentions_screen_name"
[1] 437
[1] "Martin_Geertsen"
[1] "hashtags"
[1] "mentions_user_id"
[1] "mentions_screen_name"
[1] 421
[1] "sorenpind"
[1] "hashtags"
[1] "mentions_user_id"
[1] "mentions_screen_name"
[1] 405
[1] "JanEJoergensen"
[1] "hashtags"
[1] "mentions_user_id"
[1] "mentions_screen_name"
[1] 389
[1] "sophieloehde"
[1] "hashtags"
[1] "mentions_user_id"
[1] "mentions_screen_name"
[1] 373
[1] "AnneStergaa"
[1] "hashtags"
[1] "mentions_user_id"
[1] "mentions_screen_name"
[1] 371
[1] "AnniMatthiesen"
[1] "hashtags"
[1] "mentions_user_id"
[1] "mentions_screen_name"
[1] 359
[1] "BHaarder"
[1] "hashtags"
[1] "mentions_user_id"
[1] "mentions_screen_name"
[1] 357
[1] "CKissmeyer"
[1] "hashtags"
[1] "mentions_user_id"
[1] "mentions_screen_name"
[1] 355
[1] "ChristofferMels"
[1] "hashtags"
[1] "mentions_user_id"
[1] "mentions_screen_name"
[1] 344
[1] "EllenTraneNorby"
[1] "hashtags"
[1] "mentions_user_id"
[1] "mentions_screen_name"
[1] 328
[1] "ErlingBonnesen"
[1] "hashtags"
[1] "mentions_user_id"
[1] "mentions_screen_name"
[1] 324
[1] "EvaKjerHansen"
[1] "hashtags"
[1] "mentions_user_id"
[1] "mentions_screen_name"
[1] 322
[1] "fatmaoektem"
[1] "hashtags"
[1] "mentions_user_id"
[1] "mentions_screen_name"
[1] 314
[1] "HansAndersenV"
[1] "hashtags"
[1] "mentions_user_id"
[1] "mentions_screen_name"
[1] 300
[1] "HaChrSchmidt"
[1] "hashtags"
[1] "mentions_user_id"
[1] "mentions_screen_name"
[1] 298
[1] "bankHeidi"
[1] "hashtags"
[1] "mentions_user_id"
[1] "mentions_screen_name"
[1] 295
[1] "jacobjensenMF"
[1] "hashtags"
[1] "mentions_user_id"
[1] "mentions_screen_name"
[1] 289
[1] "JaneHeitmann"
[1] "hashtags"
[1] "mentions_user_id"
[1] "mentions_screen_name"
[1] 277
[1] "EllemannKaren"
[1] "hashtags"
[1] "mentions_user_id"
[1] "mentions_screen_name"
[1] 273
[1] "StemLAURITZEN"
[1] "hashtags"
[1] "mentions_user_id"
[1] "mentions_screen_name"
[1] 271
[1] "KD_Mikkelsen"
[1] "hashtags"
[1] "mentions_user_id"
[1] "mentions_screen_name"
[1] 268
[1] "kimvalentinDK"
[1] "hashtags"
[1] "mentions_user_id"
[1] "mentions_screen_name"
[1] 260
[1] "kplorentzen"
[1] "hashtags"
[1] "mentions_user_id"
[1] "mentions_screen_name"
[1] 254
[1] "larsclilleholt"
[1] "hashtags"
[1] "mentions_user_id"
[1] "mentions_screen_name"
[1] 245
[1] "LouiseElholm"
[1] "hashtags"
[1] "mentions_user_id"
[1] "mentions_screen_name"
[1] 239
[1] "madsfuglede"
[1] "hashtags"
[1] "mentions_user_id"
[1] "mentions_screen_name"
[1] 233
[1] "marie_bjerre"
[1] "hashtags"
[1] "mentions_user_id"
[1] "mentions_screen_name"
[1] 230
[1] "MarkGrossmannV"
[1] "hashtags"
[1] "mentions_user_id"
[1] "mentions_screen_name"
[1] 227
[1] "MarleneAmbo"
[1] "hashtags"
[1] "mentions_user_id"
[1] "mentions_screen_name"
[1] 221
[1] "michaelaastrup"
[1] "hashtags"
[1] "mentions_user_id"
[1] "mentions_screen_name"
[1] 205
[1] "MortenDahlin"
[1] "hashtags"
[1] "mentions_user_id"
[1] "mentions_screen_name"
[1] 189
[1] "PeterJuelJensen"
[1] "hashtags"
[1] "mentions_user_id"
[1] "mentions_screen_name"
[1] 187
[1] "Sten_Knuth"
[1] "hashtags"
[1] "mentions_user_id"
[1] "mentions_screen_name"
[1] 174
[1] "ThDanielsen"
[1] "hashtags"
[1] "mentions_user_id"
[1] "mentions_screen_name"
[1] 162
[1] "Torstenschack"
[1] "hashtags"
[1] "mentions_user_id"
[1] "mentions_screen_name"
[1] 146
[1] "troelslundp"
[1] "hashtags"
[1] "mentions_user_id"
[1] "mentions_screen_name"
[1] 140
[1] "Ulla_Tornaes"
[1] "hashtags"
[1] "mentions_user_id"
[1] "mentions_screen_name"
[1] 135
[1] "larsloekke"
[1] "hashtags"
[1] "mentions_user_id"
[1] "mentions_screen_name"
[1] 119
[1] TRUE
[1] TRUE
[1] TRUE

Attaching package: ‘dplyr’

The following objects are masked from ‘package:stats’:

    filter, lag

The following objects are masked from ‘package:base’:

    intersect, setdiff, setequal, union

[1] "SorenPape"
[1] "hashtags"
[1] "mentions_user_id"
[1] "mentions_screen_name"
[1] 885
[1] "metteabildgaard"
[1] "hashtags"
[1] "mentions_user_id"
[1] "mentions_screen_name"
[1] 869
[1] "RasmusJarlov"
[1] "hashtags"
[1] "mentions_user_id"
[1] "mentions_screen_name"
[1] 853
[1] "JuulMona"
[1] "hashtags"
[1] "mentions_user_id"
[1] "mentions_screen_name"
[1] 837
[1] "PerLarsenC"
[1] "hashtags"
[1] "mentions_user_id"
[1] "mentions_screen_name"
[1] 834
[1] "_MaiMercado"
[1] "hashtags"
[1] "mentions_user_id"
[1] "mentions_screen_name"
[1] 818
[1] "BirgitteBergman"
[1] "hashtags"
[1] "mentions_user_id"
[1] "mentions_screen_name"
[1] 813
[1] "brittbager"
[1] "hashtags"
[1] "mentions_user_id"
[1] "mentions_screen_name"
[1] 808
[1] "Ammitzboell_K"
[1] "hashtags"
[1] "mentions_user_id"
[1] "mentions_screen_name"
[1] 798
[1] "Kristianthdahl"
[1] "hashtags"
[1] "mentions_user_id"
[1] "mentions_screen_name"
[1] 793
[1] "MrMesserschmidt"
[1] "hashtags"
[1] "mentions_user_id"
[1] "mentions_screen_name"
[1] 777
[1] "mfMorten"
[1] "hashtags"
[1] "mentions_user_id"
[1] "mentions_screen_name"
[1] 761
[1] "espersendf"
[1] "hashtags"
[1] "mentions_user_id"
[1] "mentions_screen_name"
[1] 745
[1] "skaarup_df"
[1] "hashtags"
[1] "mentions_user_id"
[1] "mentions_screen_name"
[1] 729
[1] "Pia_Kjaersgaard"
[1] "hashtags"
[1] "mentions_user_id"
[1] "mentions_screen_name"
[1] 714
[1] "AdsbolAdsbl"
[1] "hashtags"
[1] "mentions_user_id"
[1] "mentions_screen_name"
[1] 698
[1] "LiseBech"
[1] "hashtags"
[1] "mentions_user_id"
[1] "mentions_screen_name"
[1] 682
[1] "BentGsted"
[1] "hashtags"
[1] "mentions_user_id"
[1] "mentions_screen_name"
[1] 680
[1] "ReneChr67108814"
[1] "hashtags"
[1] "mentions_user_id"
[1] "mentions_screen_name"
[1] 678
[1] "JThulesen"
[1] "hashtags"
[1] "mentions_user_id"
[1] "mentions_screen_name"
[1] 674
[1] "flydtkjaer"
[1] "hashtags"
[1] "mentions_user_id"
[1] "mentions_screen_name"
[1] 667
[1] "MarieKrarup"
[1] "hashtags"
[1] "mentions_user_id"
[1] "mentions_screen_name"
[1] 660
[1] "Hans_Kr_Skibby"
[1] "hashtags"
[1] "mentions_user_id"
[1] "mentions_screen_name"
[1] 644
[1] "MaiVilladsen"
[1] "hashtags"
[1] "mentions_user_id"
[1] "mentions_screen_name"
[1] 639
[1] "SorenEggeRasmus"
[1] "hashtags"
[1] "mentions_user_id"
[1] "mentions_screen_name"
[1] 630
[1] "VictoriaV_EL"
[1] "hashtags"
[1] "mentions_user_id"
[1] "mentions_screen_name"
[1] 624
[1] "EvaFlyvholm"
[1] "hashtags"
[1] "mentions_user_id"
[1] "mentions_screen_name"
[1] 620
[1] "pederhvelplund"
[1] "hashtags"
[1] "mentions_user_id"
[1] "mentions_screen_name"
[1] 614
[1] "ChristianJuhl2"
[1] "hashtags"
[1] "mentions_user_id"
[1] "mentions_screen_name"
[1] 598
[1] "RuneLundEL"
[1] "hashtags"
[1] "mentions_user_id"
[1] "mentions_screen_name"
[1] 582
[1] "PSkipperEL"
[1] "hashtags"
[1] "mentions_user_id"
[1] "mentions_screen_name"
[1] 566
[1] "JakobSoelvhoej"
[1] "hashtags"
[1] "mentions_user_id"
[1] "mentions_screen_name"
[1] 555
[1] "RosaLundEl"
[1] "hashtags"
[1] "mentions_user_id"
[1] "mentions_screen_name"
[1] 539
[1] "jonasholmdk"
[1] "hashtags"
[1] "mentions_user_id"
[1] "mentions_screen_name"
[1] 523
[1] "AlexVanopslagh"
[1] "hashtags"
[1] "mentions_user_id"
[1] "mentions_screen_name"
[1] 507
[1] "SociologenHD"
[1] "hashtags"
[1] "mentions_user_id"
[1] "mentions_screen_name"
[1] 496
[1] "olebirkolesen"
[1] "hashtags"
[1] "mentions_user_id"
[1] "mentions_screen_name"
[1] 480
[1] "LBMathiesen"
[1] "hashtags"
[1] "mentions_user_id"
[1] "mentions_screen_name"
[1] 474
[1] "ThiesenMette"
[1] "hashtags"
[1] "mentions_user_id"
[1] "mentions_screen_name"
[1] 469
[1] "PernilleVermund"
[1] "hashtags"
[1] "mentions_user_id"
[1] "mentions_screen_name"
[1] 456
[1] "peter_seier"
[1] "hashtags"
[1] "mentions_user_id"
[1] "mentions_screen_name"
[1] 454
[1] "FrkCallesen"
[1] "hashtags"
[1] "mentions_user_id"
[1] "mentions_screen_name"
[1] 449
[1] "mariannejelved"
[1] "hashtags"
[1] "mentions_user_id"
[1] "mentions_screen_name"
[1] 447
[1] "SamiraNawa"
[1] "hashtags"
[1] "mentions_user_id"
[1] "mentions_screen_name"
[1] 432
[1] "rohde_jens"
[1] "hashtags"
[1] "mentions_user_id"
[1] "mentions_screen_name"
[1] 423
[1] "kronborgsusan"
[1] "hashtags"
[1] "mentions_user_id"
[1] "mentions_screen_name"
[1] 413
[1] "martinlidegaard"
[1] "hashtags"
[1] "mentions_user_id"
[1] "mentions_screen_name"
[1] 397
[1] "KathrineOlldag"
[1] "hashtags"
[1] "mentions_user_id"
[1] "mentions_screen_name"
[1] 391
[1] "sofiecn"
[1] "hashtags"
[1] "mentions_user_id"
[1] "mentions_screen_name"
[1] 375
[1] "a_steenberg"
[1] "hashtags"
[1] "mentions_user_id"
[1] "mentions_screen_name"
[1] 359
[1] "rvthorholm"
[1] "hashtags"
[1] "mentions_user_id"
[1] "mentions_screen_name"
[1] 357
[1] "KatrineRobsoe"
[1] "hashtags"
[1] "mentions_user_id"
[1] "mentions_screen_name"
[1] 352
[1] "rasmushelveg"
[1] "hashtags"
[1] "mentions_user_id"
[1] "mentions_screen_name"
[1] 345
[1] "stinuslindgreen"
[1] "hashtags"
[1] "mentions_user_id"
[1] "mentions_screen_name"
[1] 329
[1] "zeniastampe"
[1] "hashtags"
[1] "mentions_user_id"
[1] "mentions_screen_name"
[1] 319
[1] "LotteRod"
[1] "hashtags"
[1] "mentions_user_id"
[1] "mentions_screen_name"
[1] 303
[1] "IdaAuken"
[1] "hashtags"
[1] "mentions_user_id"
[1] "mentions_screen_name"
[1] 287
[1] "Trinebramsen"
[1] "hashtags"
[1] "mentions_user_id"
[1] "mentions_screen_name"
[1] 271
[1] "BjBrandenborg"
[1] "hashtags"
[1] "mentions_user_id"
[1] "mentions_screen_name"
[1] 260
[1] "bressendorff"
[1] "hashtags"
[1] "mentions_user_id"
[1] "mentions_screen_name"
[1] 258
[1] "JeppeBruus"
[1] "hashtags"
[1] "mentions_user_id"
[1] "mentions_screen_name"
[1] 242
[1] "KaareDybvad"
[1] "hashtags"
[1] "mentions_user_id"
[1] "mentions_screen_name"
[1] 226
[1] "BennyEngelbrech"
[1] "hashtags"
[1] "mentions_user_id"
[1] "mentions_screen_name"
[1] 210
[1] "CamFabricius"
[1] "hashtags"
[1] "mentions_user_id"
[1] "mentions_screen_name"
[1] 194
[1] "MetteGjerskov"
[1] "hashtags"
[1] "mentions_user_id"
[1] "mentions_screen_name"
[1] 178
[1] "AlexanderGrandt"
[1] "hashtags"
[1] "mentions_user_id"
[1] "mentions_screen_name"
[1] 162
[1] "HavOrla"
[1] "hashtags"
[1] "mentions_user_id"
[1] "mentions_screen_name"
[1] 160
[1] "PHummelgaard"
[1] "hashtags"
[1] "mentions_user_id"
[1] "mentions_screen_name"
[1] 144
[1] "MFThomasJensen"
[1] "hashtags"
[1] "mentions_user_id"
[1] "mentions_screen_name"
[1] 136
[1] "LahnLeif"
[1] "hashtags"
[1] "mentions_user_id"
[1] "mentions_screen_name"
[1] 134
[1] "Jens_Joel"
[1] "hashtags"
[1] "mentions_user_id"
[1] "mentions_screen_name"
[1] 118
[1] "janjohansen16"
[1] "DanJoergensen"
[1] "hashtags"
[1] "mentions_user_id"
[1] "mentions_screen_name"
[1] 101
[1] "SandKjaer"
[1] "hashtags"
[1] "mentions_user_id"
[1] "mentions_screen_name"
[1] 86
[1] "Sleeping"
[1] "Not sleeping anymore"
[1] "AndersKronborg"
[1] "hashtags"
[1] "mentions_user_id"
[1] "mentions_screen_name"
[1] 884
[1] "rasmushorn"
[1] "hashtags"
[1] "mentions_user_id"
[1] "mentions_screen_name"
[1] 868
[1] "MalteLarsen"
[1] "hashtags"
[1] "mentions_user_id"
[1] "mentions_screen_name"
[1] 865
[1] "LarssonTanja"
[1] "hashtags"
[1] "mentions_user_id"
[1] "mentions_screen_name"
[1] 863
[1] "Heunicke"
[1] "hashtags"
[1] "mentions_user_id"
[1] "mentions_screen_name"
[1] 847
[1] "RosenkrantzT"
[1] "hashtags"
[1] "mentions_user_id"
[1] "mentions_screen_name"
[1] 831
[1] "simonkollerup"
[1] "hashtags"
[1] "mentions_user_id"
[1] "mentions_screen_name"
[1] 815
[1] "MogensJensenS"
[1] "hashtags"
[1] "mentions_user_id"
[1] "mentions_screen_name"
[1] 799
[1] "AneHalsboe"
[1] "hashtags"
[1] "mentions_user_id"
[1] "mentions_screen_name"
[1] 783
[1] "RabjergMadsen"
[1] "hashtags"
[1] "mentions_user_id"
[1] "mentions_screen_name"
[1] 769
[1] "mattiastesfaye"
[1] "hashtags"
[1] "mentions_user_id"
[1] "mentions_screen_name"
[1] 753
[1] "Astridkrag"
[1] "hashtags"
[1] "mentions_user_id"
[1] "mentions_screen_name"
[1] 737
[1] "Bjarne_Laustsen"
[1] "annette_lind"
[1] "hashtags"
[1] "mentions_user_id"
[1] "mentions_screen_name"
[1] 734
[1] "FlemmingMM"
[1] "hashtags"
[1] "mentions_user_id"
[1] "mentions_screen_name"
[1] 732
[1] "Henrikm86712011"
[1] "hashtags"
[1] "mentions_user_id"
[1] "mentions_screen_name"
[1] 730
[1] "Paulin_Anne"
[1] "hashtags"
[1] "mentions_user_id"
[1] "mentions_screen_name"
[1] 721
[1] "Jesper_Pet"
[1] "hashtags"
[1] "mentions_user_id"
[1] "mentions_screen_name"
[1] 705
[1] "RasmusPrehn"
[1] "hashtags"
[1] "mentions_user_id"
[1] "mentions_screen_name"
[1] 689
[1] "lars_aslan"
[1] "hashtags"
[1] "mentions_user_id"
[1] "mentions_screen_name"
[1] 678
[1] "RavnTroels"
[1] "hashtags"
[1] "mentions_user_id"
[1] "mentions_screen_name"
[1] 675
[1] "KasperRoug"
[1] "hashtags"
[1] "mentions_user_id"
[1] "mentions_screen_name"
[1] 672
[1] "JulieSkovsby"
[1] "hashtags"
[1] "mentions_user_id"
[1] "mentions_screen_name"
[1] 666
[1] "RStoklund"
[1] "hashtags"
[1] "mentions_user_id"
[1] "mentions_screen_name"
[1] 650
[1] "birgitte_vind"
[1] "hashtags"
[1] "mentions_user_id"
[1] "mentions_screen_name"
[1] 644
[1] "NWammen"
[1] "hashtags"
[1] "mentions_user_id"
[1] "mentions_screen_name"
[1] 639
[1] "LeaWermelin"
[1] "hashtags"
[1] "mentions_user_id"
[1] "mentions_screen_name"
[1] 629
[1] "PiaOlsen"
[1] "hashtags"
[1] "mentions_user_id"
[1] "mentions_screen_name"
[1] 613
[1] "khoenge"
[1] "hashtags"
[1] "mentions_user_id"
[1] "mentions_screen_name"
[1] 597
[1] "jacobmark_sf"
[1] "hashtags"
[1] "mentions_user_id"
[1] "mentions_screen_name"
[1] 581
[1] "LisbethBNielsen"
[1] "hashtags"
[1] "mentions_user_id"
[1] "mentions_screen_name"
[1] 565
[1] "TrineTorp"
[1] "hashtags"
[1] "mentions_user_id"
[1] "mentions_screen_name"
[1] 552
[1] "KirstenNormann"
[1] "hashtags"
[1] "mentions_user_id"
[1] "mentions_screen_name"
[1] 536
[1] "MF_K_Lorentzen"
[1] "hashtags"
[1] "mentions_user_id"
[1] "mentions_screen_name"
[1] 520
[1] "signe_munk"
[1] "hashtags"
[1] "mentions_user_id"
[1] "mentions_screen_name"
[1] 504
[1] "Carl__Valentin"
[1] "hashtags"
[1] "mentions_user_id"
[1] "mentions_screen_name"
[1] 488
[1] "charlottebroman"
[1] "hashtags"
[1] "mentions_user_id"
[1] "mentions_screen_name"
[1] 481
[1] "Halime9Oguz"
[1] "hashtags"
[1] "mentions_user_id"
[1] "mentions_screen_name"
[1] 478
[1] "AnneValentina"
[1] "hashtags"
[1] "mentions_user_id"
[1] "mentions_screen_name"
[1] 472
[1] "AstridCaroee"
[1] "hashtags"
[1] "mentions_user_id"
[1] "mentions_screen_name"
[1] 469
[1] "rasmusnordqvist"
[1] "hashtags"
[1] "mentions_user_id"
[1] "mentions_screen_name"
[1] 453
[1] "JakobEllemann"
[1] "hashtags"
[1] "mentions_user_id"
[1] "mentions_screen_name"
[1] 437
[1] "Martin_Geertsen"
[1] "hashtags"
[1] "mentions_user_id"
[1] "mentions_screen_name"
[1] 421
[1] "sorenpind"
[1] "hashtags"
[1] "mentions_user_id"
[1] "mentions_screen_name"
[1] 405
[1] "JanEJoergensen"
[1] "hashtags"
[1] "mentions_user_id"
[1] "mentions_screen_name"
[1] 389
[1] "sophieloehde"
[1] "hashtags"
[1] "mentions_user_id"
[1] "mentions_screen_name"
[1] 373
[1] "AnneStergaa"
[1] "hashtags"
[1] "mentions_user_id"
[1] "mentions_screen_name"
[1] 371
[1] "AnniMatthiesen"
[1] "hashtags"
[1] "mentions_user_id"
[1] "mentions_screen_name"
[1] 359
[1] "BHaarder"
[1] "hashtags"
[1] "mentions_user_id"
[1] "mentions_screen_name"
[1] 357
[1] "CKissmeyer"
[1] "hashtags"
[1] "mentions_user_id"
[1] "mentions_screen_name"
[1] 355
[1] "ChristofferMels"
[1] "hashtags"
[1] "mentions_user_id"
[1] "mentions_screen_name"
[1] 344
[1] "EllenTraneNorby"
[1] "hashtags"
[1] "mentions_user_id"
[1] "mentions_screen_name"
[1] 328
[1] "ErlingBonnesen"
[1] "hashtags"
[1] "mentions_user_id"
[1] "mentions_screen_name"
[1] 324
[1] "EvaKjerHansen"
[1] "hashtags"
[1] "mentions_user_id"
[1] "mentions_screen_name"
[1] 322
[1] "fatmaoektem"
[1] "hashtags"
[1] "mentions_user_id"
[1] "mentions_screen_name"
[1] 314
[1] "HansAndersenV"
[1] "hashtags"
[1] "mentions_user_id"
[1] "mentions_screen_name"
[1] 300
[1] "HaChrSchmidt"
[1] "hashtags"
[1] "mentions_user_id"
[1] "mentions_screen_name"
[1] 298
[1] "bankHeidi"
[1] "hashtags"
[1] "mentions_user_id"
[1] "mentions_screen_name"
[1] 295
[1] "jacobjensenMF"
[1] "hashtags"
[1] "mentions_user_id"
[1] "mentions_screen_name"
[1] 289
[1] "JaneHeitmann"
[1] "hashtags"
[1] "mentions_user_id"
[1] "mentions_screen_name"
[1] 277
[1] "EllemannKaren"
[1] "hashtags"
[1] "mentions_user_id"
[1] "mentions_screen_name"
[1] 273
[1] "StemLAURITZEN"
[1] "hashtags"
[1] "mentions_user_id"
[1] "mentions_screen_name"
[1] 271
[1] "KD_Mikkelsen"
[1] "hashtags"
[1] "mentions_user_id"
[1] "mentions_screen_name"
[1] 268
[1] "kimvalentinDK"
[1] "hashtags"
[1] "mentions_user_id"
[1] "mentions_screen_name"
[1] 260
[1] "kplorentzen"
[1] "hashtags"
[1] "mentions_user_id"
[1] "mentions_screen_name"
[1] 254
[1] "larsclilleholt"
[1] "hashtags"
[1] "mentions_user_id"
[1] "mentions_screen_name"
[1] 245
[1] "LouiseElholm"
[1] "hashtags"
[1] "mentions_user_id"
[1] "mentions_screen_name"
[1] 239
[1] "madsfuglede"
[1] "hashtags"
[1] "mentions_user_id"
[1] "mentions_screen_name"
[1] 233
[1] "marie_bjerre"
[1] "hashtags"
[1] "mentions_user_id"
[1] "mentions_screen_name"
[1] 230
[1] "MarkGrossmannV"
[1] "hashtags"
[1] "mentions_user_id"
[1] "mentions_screen_name"
[1] 227
[1] "MarleneAmbo"
[1] "hashtags"
[1] "mentions_user_id"
[1] "mentions_screen_name"
[1] 221
[1] "michaelaastrup"
[1] "hashtags"
[1] "mentions_user_id"
[1] "mentions_screen_name"
[1] 205
[1] "MortenDahlin"
[1] "hashtags"
[1] "mentions_user_id"
[1] "mentions_screen_name"
[1] 189
[1] "PeterJuelJensen"
[1] "hashtags"
[1] "mentions_user_id"
[1] "mentions_screen_name"
[1] 187
[1] "Sten_Knuth"
[1] "hashtags"
[1] "mentions_user_id"
[1] "mentions_screen_name"
[1] 174
[1] "ThDanielsen"
[1] "hashtags"
[1] "mentions_user_id"
[1] "mentions_screen_name"
[1] 162
[1] "Torstenschack"
[1] "hashtags"
[1] "mentions_user_id"
[1] "mentions_screen_name"
[1] 146
[1] "troelslundp"
[1] "hashtags"
[1] "mentions_user_id"
[1] "mentions_screen_name"
[1] 140
[1] "Ulla_Tornaes"
[1] "hashtags"
[1] "mentions_user_id"
[1] "mentions_screen_name"
[1] 135
[1] "larsloekke"
[1] "hashtags"
[1] "mentions_user_id"
[1] "mentions_screen_name"
[1] 119
[1] TRUE
[1] TRUE
[1] TRUE

Attaching package: ‘dplyr’

The following objects are masked from ‘package:stats’:

    filter, lag

The following objects are masked from ‘package:base’:

    intersect, setdiff, setequal, union

[1] "SorenPape"
[1] "hashtags"
[1] "mentions_user_id"
[1] "mentions_screen_name"
[1] 870
[1] "metteabildgaard"
[1] "hashtags"
[1] "mentions_user_id"
[1] "mentions_screen_name"
[1] 854
[1] "RasmusJarlov"
[1] "hashtags"
[1] "mentions_user_id"
[1] "mentions_screen_name"
[1] 838
[1] "JuulMona"
[1] "hashtags"
[1] "mentions_user_id"
[1] "mentions_screen_name"
[1] 822
[1] "PerLarsenC"
[1] "hashtags"
[1] "mentions_user_id"
[1] "mentions_screen_name"
[1] 819
[1] "_MaiMercado"
[1] "hashtags"
[1] "mentions_user_id"
[1] "mentions_screen_name"
[1] 803
[1] "BirgitteBergman"
[1] "hashtags"
[1] "mentions_user_id"
[1] "mentions_screen_name"
[1] 798
[1] "brittbager"
[1] "hashtags"
[1] "mentions_user_id"
[1] "mentions_screen_name"
[1] 793
[1] "Ammitzboell_K"
[1] "hashtags"
[1] "mentions_user_id"
[1] "mentions_screen_name"
[1] 783
[1] "Kristianthdahl"
[1] "hashtags"
[1] "mentions_user_id"
[1] "mentions_screen_name"
[1] 778
[1] "MrMesserschmidt"
[1] "hashtags"
[1] "mentions_user_id"
[1] "mentions_screen_name"
[1] 762
[1] "mfMorten"
[1] "hashtags"
[1] "mentions_user_id"
[1] "mentions_screen_name"
[1] 746
[1] "espersendf"
[1] "hashtags"
[1] "mentions_user_id"
[1] "mentions_screen_name"
[1] 730
[1] "skaarup_df"
[1] "hashtags"
[1] "mentions_user_id"
[1] "mentions_screen_name"
[1] 714
[1] "Pia_Kjaersgaard"
[1] "hashtags"
[1] "mentions_user_id"
[1] "mentions_screen_name"
[1] 699
[1] "AdsbolAdsbl"
[1] "hashtags"
[1] "mentions_user_id"
[1] "mentions_screen_name"
[1] 683
[1] "LiseBech"
[1] "hashtags"
[1] "mentions_user_id"
[1] "mentions_screen_name"
[1] 667
[1] "BentGsted"
[1] "hashtags"
[1] "mentions_user_id"
[1] "mentions_screen_name"
[1] 665
[1] "ReneChr67108814"
[1] "hashtags"
[1] "mentions_user_id"
[1] "mentions_screen_name"
[1] 663
[1] "JThulesen"
[1] "hashtags"
[1] "mentions_user_id"
[1] "mentions_screen_name"
[1] 659
[1] "flydtkjaer"
[1] "hashtags"
[1] "mentions_user_id"
[1] "mentions_screen_name"
[1] 652
[1] "MarieKrarup"
[1] "hashtags"
[1] "mentions_user_id"
[1] "mentions_screen_name"
[1] 645
[1] "Hans_Kr_Skibby"
[1] "hashtags"
[1] "mentions_user_id"
[1] "mentions_screen_name"
[1] 629
[1] "MaiVilladsen"
[1] "hashtags"
[1] "mentions_user_id"
[1] "mentions_screen_name"
[1] 624
[1] "SorenEggeRasmus"
[1] "hashtags"
[1] "mentions_user_id"
[1] "mentions_screen_name"
[1] 615
[1] "VictoriaV_EL"
[1] "hashtags"
[1] "mentions_user_id"
[1] "mentions_screen_name"
[1] 609
[1] "EvaFlyvholm"
[1] "hashtags"
[1] "mentions_user_id"
[1] "mentions_screen_name"
[1] 605
[1] "pederhvelplund"
[1] "hashtags"
[1] "mentions_user_id"
[1] "mentions_screen_name"
[1] 599
[1] "ChristianJuhl2"
[1] "hashtags"
[1] "mentions_user_id"
[1] "mentions_screen_name"
[1] 583
[1] "RuneLundEL"
[1] "hashtags"
[1] "mentions_user_id"
[1] "mentions_screen_name"
[1] 567
[1] "PSkipperEL"
[1] "hashtags"
[1] "mentions_user_id"
[1] "mentions_screen_name"
[1] 551
[1] "JakobSoelvhoej"
[1] "hashtags"
[1] "mentions_user_id"
[1] "mentions_screen_name"
[1] 540
[1] "RosaLundEl"
[1] "hashtags"
[1] "mentions_user_id"
[1] "mentions_screen_name"
[1] 524
[1] "jonasholmdk"
[1] "hashtags"
[1] "mentions_user_id"
[1] "mentions_screen_name"
[1] 508
[1] "AlexVanopslagh"
[1] "hashtags"
[1] "mentions_user_id"
[1] "mentions_screen_name"
[1] 492
[1] "SociologenHD"
[1] "hashtags"
[1] "mentions_user_id"
[1] "mentions_screen_name"
[1] 481
[1] "olebirkolesen"
[1] "hashtags"
[1] "mentions_user_id"
[1] "mentions_screen_name"
[1] 465
[1] "LBMathiesen"
[1] "hashtags"
[1] "mentions_user_id"
[1] "mentions_screen_name"
[1] 459
[1] "ThiesenMette"
[1] "hashtags"
[1] "mentions_user_id"
[1] "mentions_screen_name"
[1] 454
[1] "PernilleVermund"
[1] "hashtags"
[1] "mentions_user_id"
[1] "mentions_screen_name"
[1] 441
[1] "peter_seier"
[1] "hashtags"
[1] "mentions_user_id"
[1] "mentions_screen_name"
[1] 439
[1] "FrkCallesen"
[1] "hashtags"
[1] "mentions_user_id"
[1] "mentions_screen_name"
[1] 434
[1] "mariannejelved"
[1] "hashtags"
[1] "mentions_user_id"
[1] "mentions_screen_name"
[1] 432
[1] "SamiraNawa"
[1] "hashtags"
[1] "mentions_user_id"
[1] "mentions_screen_name"
[1] 417
[1] "rohde_jens"
[1] "hashtags"
[1] "mentions_user_id"
[1] "mentions_screen_name"
[1] 408
[1] "kronborgsusan"
[1] "hashtags"
[1] "mentions_user_id"
[1] "mentions_screen_name"
[1] 891
[1] "martinlidegaard"
[1] "hashtags"
[1] "mentions_user_id"
[1] "mentions_screen_name"
[1] 875
[1] "KathrineOlldag"
[1] "hashtags"
[1] "mentions_user_id"
[1] "mentions_screen_name"
[1] 869
[1] "sofiecn"
[1] "hashtags"
[1] "mentions_user_id"
[1] "mentions_screen_name"
[1] 853
[1] "a_steenberg"
[1] "hashtags"
[1] "mentions_user_id"
[1] "mentions_screen_name"
[1] 837
[1] "rvthorholm"
[1] "hashtags"
[1] "mentions_user_id"
[1] "mentions_screen_name"
[1] 835
[1] "KatrineRobsoe"
[1] "hashtags"
[1] "mentions_user_id"
[1] "mentions_screen_name"
[1] 830
[1] "rasmushelveg"
[1] "hashtags"
[1] "mentions_user_id"
[1] "mentions_screen_name"
[1] 823
[1] "stinuslindgreen"
[1] "hashtags"
[1] "mentions_user_id"
[1] "mentions_screen_name"
[1] 807
[1] "zeniastampe"
[1] "hashtags"
[1] "mentions_user_id"
[1] "mentions_screen_name"
[1] 797
[1] "LotteRod"
[1] "hashtags"
[1] "mentions_user_id"
[1] "mentions_screen_name"
[1] 781
[1] "IdaAuken"
[1] "hashtags"
[1] "mentions_user_id"
[1] "mentions_screen_name"
[1] 765
[1] "Trinebramsen"
[1] "hashtags"
[1] "mentions_user_id"
[1] "mentions_screen_name"
[1] 749
[1] "BjBrandenborg"
[1] "hashtags"
[1] "mentions_user_id"
[1] "mentions_screen_name"
[1] 738
[1] "bressendorff"
[1] "hashtags"
[1] "mentions_user_id"
[1] "mentions_screen_name"
[1] 736
[1] "JeppeBruus"
[1] "hashtags"
[1] "mentions_user_id"
[1] "mentions_screen_name"
[1] 720
[1] "KaareDybvad"
[1] "hashtags"
[1] "mentions_user_id"
[1] "mentions_screen_name"
[1] 704
[1] "BennyEngelbrech"
[1] "hashtags"
[1] "mentions_user_id"
[1] "mentions_screen_name"
[1] 688
[1] "CamFabricius"
[1] "hashtags"
[1] "mentions_user_id"
[1] "mentions_screen_name"
[1] 672
[1] "MetteGjerskov"
[1] "hashtags"
[1] "mentions_user_id"
[1] "mentions_screen_name"
[1] 656
[1] "AlexanderGrandt"
[1] "hashtags"
[1] "mentions_user_id"
[1] "mentions_screen_name"
[1] 640
[1] "HavOrla"
[1] "hashtags"
[1] "mentions_user_id"
[1] "mentions_screen_name"
[1] 638
[1] "PHummelgaard"
[1] "hashtags"
[1] "mentions_user_id"
[1] "mentions_screen_name"
[1] 622
[1] "MFThomasJensen"
[1] "hashtags"
[1] "mentions_user_id"
[1] "mentions_screen_name"
[1] 614
[1] "LahnLeif"
[1] "hashtags"
[1] "mentions_user_id"
[1] "mentions_screen_name"
[1] 612
[1] "Jens_Joel"
[1] "hashtags"
[1] "mentions_user_id"
[1] "mentions_screen_name"
[1] 596
[1] "janjohansen16"
[1] "DanJoergensen"
[1] "hashtags"
[1] "mentions_user_id"
[1] "mentions_screen_name"
[1] 579
[1] "SandKjaer"
[1] "hashtags"
[1] "mentions_user_id"
[1] "mentions_screen_name"
[1] 564
[1] "AndersKronborg"
[1] "hashtags"
[1] "mentions_user_id"
[1] "mentions_screen_name"
[1] 548
[1] "rasmushorn"
[1] "hashtags"
[1] "mentions_user_id"
[1] "mentions_screen_name"
[1] 532
[1] "MalteLarsen"
[1] "hashtags"
[1] "mentions_user_id"
[1] "mentions_screen_name"
[1] 529
[1] "LarssonTanja"
[1] "hashtags"
[1] "mentions_user_id"
[1] "mentions_screen_name"
[1] 527
[1] "Heunicke"
[1] "hashtags"
[1] "mentions_user_id"
[1] "mentions_screen_name"
[1] 511
[1] "RosenkrantzT"
[1] "hashtags"
[1] "mentions_user_id"
[1] "mentions_screen_name"
[1] 495
[1] "simonkollerup"
[1] "hashtags"
[1] "mentions_user_id"
[1] "mentions_screen_name"
[1] 479
[1] "MogensJensenS"
[1] "hashtags"
[1] "mentions_user_id"
[1] "mentions_screen_name"
[1] 463
[1] "AneHalsboe"
[1] "hashtags"
[1] "mentions_user_id"
[1] "mentions_screen_name"
[1] 447
[1] "RabjergMadsen"
[1] "hashtags"
[1] "mentions_user_id"
[1] "mentions_screen_name"
[1] 433
[1] "mattiastesfaye"
[1] "hashtags"
[1] "mentions_user_id"
[1] "mentions_screen_name"
[1] 417
[1] "Astridkrag"
[1] "hashtags"
[1] "mentions_user_id"
[1] "mentions_screen_name"
[1] 401
[1] "Bjarne_Laustsen"
[1] "annette_lind"
[1] "hashtags"
[1] "mentions_user_id"
[1] "mentions_screen_name"
[1] 398
[1] "FlemmingMM"
[1] "hashtags"
[1] "mentions_user_id"
[1] "mentions_screen_name"
[1] 396
[1] "Henrikm86712011"
[1] "hashtags"
[1] "mentions_user_id"
[1] "mentions_screen_name"
[1] 394
[1] "Paulin_Anne"
[1] "hashtags"
[1] "mentions_user_id"
[1] "mentions_screen_name"
[1] 385
[1] "Jesper_Pet"
[1] "hashtags"
[1] "mentions_user_id"
[1] "mentions_screen_name"
[1] 369
[1] "RasmusPrehn"
[1] "hashtags"
[1] "mentions_user_id"
[1] "mentions_screen_name"
[1] 353
[1] "lars_aslan"
[1] "hashtags"
[1] "mentions_user_id"
[1] "mentions_screen_name"
[1] 342
[1] "RavnTroels"
[1] "hashtags"
[1] "mentions_user_id"
[1] "mentions_screen_name"
[1] 339
[1] "KasperRoug"
[1] "hashtags"
[1] "mentions_user_id"
[1] "mentions_screen_name"
[1] 336
[1] "JulieSkovsby"
[1] "hashtags"
[1] "mentions_user_id"
[1] "mentions_screen_name"
[1] 330
[1] "RStoklund"
[1] "hashtags"
[1] "mentions_user_id"
[1] "mentions_screen_name"
[1] 314
[1] "birgitte_vind"
[1] "hashtags"
[1] "mentions_user_id"
[1] "mentions_screen_name"
[1] 308
[1] "NWammen"
[1] "hashtags"
[1] "mentions_user_id"
[1] "mentions_screen_name"
[1] 303
[1] "LeaWermelin"
[1] "hashtags"
[1] "mentions_user_id"
[1] "mentions_screen_name"
[1] 293
[1] "PiaOlsen"
[1] "hashtags"
[1] "mentions_user_id"
[1] "mentions_screen_name"
[1] 277
[1] "khoenge"
[1] "hashtags"
[1] "mentions_user_id"
[1] "mentions_screen_name"
[1] 261
[1] "jacobmark_sf"
[1] "hashtags"
[1] "mentions_user_id"
[1] "mentions_screen_name"
[1] 245
[1] "LisbethBNielsen"
[1] "hashtags"
[1] "mentions_user_id"
[1] "mentions_screen_name"
[1] 229
[1] "TrineTorp"
[1] "hashtags"
[1] "mentions_user_id"
[1] "mentions_screen_name"
[1] 216
[1] "KirstenNormann"
[1] "hashtags"
[1] "mentions_user_id"
[1] "mentions_screen_name"
[1] 200
[1] "MF_K_Lorentzen"
[1] "hashtags"
[1] "mentions_user_id"
[1] "mentions_screen_name"
[1] 184
[1] "signe_munk"
[1] "hashtags"
[1] "mentions_user_id"
[1] "mentions_screen_name"
[1] 168
[1] "Carl__Valentin"
[1] "hashtags"
[1] "mentions_user_id"
[1] "mentions_screen_name"
[1] 152
[1] "charlottebroman"
[1] "hashtags"
[1] "mentions_user_id"
[1] "mentions_screen_name"
[1] 145
[1] "Halime9Oguz"
[1] "hashtags"
[1] "mentions_user_id"
[1] "mentions_screen_name"
[1] 142
[1] "AnneValentina"
[1] "hashtags"
[1] "mentions_user_id"
[1] "mentions_screen_name"
[1] 136
[1] "AstridCaroee"
[1] "hashtags"
[1] "mentions_user_id"
[1] "mentions_screen_name"
[1] 133
[1] "rasmusnordqvist"
[1] "hashtags"
[1] "mentions_user_id"
[1] "mentions_screen_name"
[1] 117
[1] "JakobEllemann"
[1] "hashtags"
[1] "mentions_user_id"
[1] "mentions_screen_name"
[1] 101
[1] "Martin_Geertsen"
[1] "hashtags"
[1] "mentions_user_id"
[1] "mentions_screen_name"
[1] 85
[1] "Sleeping"
[1] "Not sleeping anymore"
[1] "sorenpind"
[1] "hashtags"
[1] "mentions_user_id"
[1] "mentions_screen_name"
[1] 884
[1] "JanEJoergensen"
[1] "hashtags"
[1] "mentions_user_id"
[1] "mentions_screen_name"
[1] 868
[1] "sophieloehde"
[1] "hashtags"
[1] "mentions_user_id"
[1] "mentions_screen_name"
[1] 852
[1] "AnneStergaa"
[1] "hashtags"
[1] "mentions_user_id"
[1] "mentions_screen_name"
[1] 850
[1] "AnniMatthiesen"
[1] "hashtags"
[1] "mentions_user_id"
[1] "mentions_screen_name"
[1] 838
[1] "BHaarder"
[1] "hashtags"
[1] "mentions_user_id"
[1] "mentions_screen_name"
[1] 836
[1] "CKissmeyer"
[1] "hashtags"
[1] "mentions_user_id"
[1] "mentions_screen_name"
[1] 834
[1] "ChristofferMels"
[1] "hashtags"
[1] "mentions_user_id"
[1] "mentions_screen_name"
[1] 823
[1] "EllenTraneNorby"
[1] "hashtags"
[1] "mentions_user_id"
[1] "mentions_screen_name"
[1] 807
[1] "ErlingBonnesen"
[1] "hashtags"
[1] "mentions_user_id"
[1] "mentions_screen_name"
[1] 803
[1] "EvaKjerHansen"
[1] "hashtags"
[1] "mentions_user_id"
[1] "mentions_screen_name"
[1] 801
[1] "fatmaoektem"
[1] "hashtags"
[1] "mentions_user_id"
[1] "mentions_screen_name"
[1] 793
[1] "HansAndersenV"
[1] "hashtags"
[1] "mentions_user_id"
[1] "mentions_screen_name"
[1] 779
[1] "HaChrSchmidt"
[1] "hashtags"
[1] "mentions_user_id"
[1] "mentions_screen_name"
[1] 777
[1] "bankHeidi"
[1] "hashtags"
[1] "mentions_user_id"
[1] "mentions_screen_name"
[1] 774
[1] "jacobjensenMF"
[1] "hashtags"
[1] "mentions_user_id"
[1] "mentions_screen_name"
[1] 768
[1] "JaneHeitmann"
[1] "hashtags"
[1] "mentions_user_id"
[1] "mentions_screen_name"
[1] 756
[1] "EllemannKaren"
[1] "hashtags"
[1] "mentions_user_id"
[1] "mentions_screen_name"
[1] 751
[1] "StemLAURITZEN"
[1] "hashtags"
[1] "mentions_user_id"
[1] "mentions_screen_name"
[1] 748
[1] "KD_Mikkelsen"
[1] "hashtags"
[1] "mentions_user_id"
[1] "mentions_screen_name"
[1] 741
[1] "kimvalentinDK"
[1] "hashtags"
[1] "mentions_user_id"
[1] "mentions_screen_name"
[1] 733
[1] "kplorentzen"
[1] "hashtags"
[1] "mentions_user_id"
[1] "mentions_screen_name"
[1] 727
[1] "larsclilleholt"
[1] "hashtags"
[1] "mentions_user_id"
[1] "mentions_screen_name"
[1] 718
[1] "LouiseElholm"
[1] "hashtags"
[1] "mentions_user_id"
[1] "mentions_screen_name"
[1] 712
[1] "madsfuglede"
[1] "hashtags"
[1] "mentions_user_id"
[1] "mentions_screen_name"
[1] 706
[1] "marie_bjerre"
[1] "hashtags"
[1] "mentions_user_id"
[1] "mentions_screen_name"
[1] 703
[1] "MarkGrossmannV"
[1] "hashtags"
[1] "mentions_user_id"
[1] "mentions_screen_name"
[1] 700
[1] "MarleneAmbo"
[1] "hashtags"
[1] "mentions_user_id"
[1] "mentions_screen_name"
[1] 694
[1] "michaelaastrup"
[1] "hashtags"
[1] "mentions_user_id"
[1] "mentions_screen_name"
[1] 678
[1] "MortenDahlin"
[1] "hashtags"
[1] "mentions_user_id"
[1] "mentions_screen_name"
[1] 662
[1] "PeterJuelJensen"
[1] "hashtags"
[1] "mentions_user_id"
[1] "mentions_screen_name"
[1] 660
[1] "Sten_Knuth"
[1] "hashtags"
[1] "mentions_user_id"
[1] "mentions_screen_name"
[1] 647
[1] "ThDanielsen"
[1] "hashtags"
[1] "mentions_user_id"
[1] "mentions_screen_name"
[1] 635
[1] "Torstenschack"
[1] "hashtags"
[1] "mentions_user_id"
[1] "mentions_screen_name"
[1] 619
[1] "troelslundp"
[1] "hashtags"
[1] "mentions_user_id"
[1] "mentions_screen_name"
[1] 613
[1] "Ulla_Tornaes"
[1] "hashtags"
[1] "mentions_user_id"
[1] "mentions_screen_name"
[1] 608
[1] "larsloekke"
[1] "hashtags"
[1] "mentions_user_id"
[1] "mentions_screen_name"
[1] 592
[1] TRUE
[1] TRUE
[1] TRUE
